0 info it worked if it ends with ok
1 verbose cli [ 'C:\\Program Files (x86)\\nodejs\\node.exe',
1 verbose cli   'C:\\Program Files (x86)\\nodejs\\node_modules\\npm\\bin\\npm-cli.js',
1 verbose cli   'run',
1 verbose cli   'build' ]
2 info using npm@3.10.10
3 info using node@v6.10.1
4 verbose run-script [ 'prebuild', 'build', 'postbuild' ]
5 info lifecycle radio@1.0.0~prebuild: radio@1.0.0
6 silly lifecycle radio@1.0.0~prebuild: no script for prebuild, continuing
7 info lifecycle radio@1.0.0~build: radio@1.0.0
8 verbose lifecycle radio@1.0.0~build: unsafe-perm in lifecycle true
9 verbose lifecycle radio@1.0.0~build: PATH: C:\Program Files (x86)\nodejs\node_modules\npm\bin\node-gyp-bin;C:\Users\k.zhdanov\Desktop\Radio2\2017_React_Redux-Radio\node_modules\.bin;C:\Windows\system32;C:\Windows;C:\Windows\System32\Wbem;C:\Windows\System32\WindowsPowerShell\v1.0\;C:\Program Files (x86)\Windows Kits\8.1\Windows Performance Toolkit\;C:\Program Files\Microsoft SQL Server\110\Tools\Binn\;C:\Program Files (x86)\Microsoft SQL Server\110\Tools\Binn\ManagementStudio\;C:\Program Files (x86)\Microsoft SQL Server\110\Tools\Binn\;C:\Program Files (x86)\Microsoft SQL Server\110\DTS\Binn\;C:\Program Files\Microsoft\Web Platform Installer\;C:\Program Files (x86)\Microsoft SDKs\TypeScript\1.0\;C:\Program Files\Microsoft SQL Server\120\Tools\Binn\;C:\Program Files (x86)\Java\jdk1.7.0_55\bin;C:\Program Files (x86)\Android\android-sdk\tools;C:\Program Files (x86)\Android\android-sdk\platform-tools;C:\apache-ant-1.9.3\bin;C:\Program Files (x86)\Git\cmd;C:\Program Files (x86)\Java\jdk1.7.0_55\bin;C:\Program Files (x86)\Android\android-sdk\tools;C:\Program Files (x86)\Android\android-sdk\platform-tools;C:\Program Files (x86)\Git\cmd;C:\Program Files (x86)\nodejs\;C:\ProgramData\k.zhdanov\atom\bin;C:\Users\k.zhdanov\AppData\Local\atom\bin;C:\Users\k.zhdanov\AppData\Roaming\npm
10 verbose lifecycle radio@1.0.0~build: CWD: C:\Users\k.zhdanov\Desktop\Radio2\2017_React_Redux-Radio
11 silly lifecycle radio@1.0.0~build: Args: [ '/d /s /c', 'webpack -wb' ]
12 silly lifecycle radio@1.0.0~build: Returned: code: 3221225786  signal: null
13 info lifecycle radio@1.0.0~build: Failed to exec build script
14 verbose stack Error: radio@1.0.0 build: `webpack -wb`
14 verbose stack Exit status 3221225786
14 verbose stack     at EventEmitter.<anonymous> (C:\Program Files (x86)\nodejs\node_modules\npm\lib\utils\lifecycle.js:255:16)
14 verbose stack     at emitTwo (events.js:106:13)
14 verbose stack     at EventEmitter.emit (events.js:191:7)
14 verbose stack     at ChildProcess.<anonymous> (C:\Program Files (x86)\nodejs\node_modules\npm\lib\utils\spawn.js:40:14)
14 verbose stack     at emitTwo (events.js:106:13)
14 verbose stack     at ChildProcess.emit (events.js:191:7)
14 verbose stack     at maybeClose (internal/child_process.js:886:16)
14 verbose stack     at Process.ChildProcess._handle.onexit (internal/child_process.js:226:5)
15 verbose pkgid radio@1.0.0
16 verbose cwd C:\Users\k.zhdanov\Desktop\Radio2\2017_React_Redux-Radio
17 error Windows_NT 6.3.9600
18 error argv "C:\\Program Files (x86)\\nodejs\\node.exe" "C:\\Program Files (x86)\\nodejs\\node_modules\\npm\\bin\\npm-cli.js" "run" "build"
19 error node v6.10.1
20 error npm  v3.10.10
21 error code ELIFECYCLE
22 error radio@1.0.0 build: `webpack -wb`
22 error Exit status 3221225786
23 error Failed at the radio@1.0.0 build script 'webpack -wb'.
23 error Make sure you have the latest version of node.js and npm installed.
23 error If you do, this is most likely a problem with the radio package,
23 error not with npm itself.
23 error Tell the author that this fails on your system:
23 error     webpack -wb
23 error You can get information on how to open an issue for this project with:
23 error     npm bugs radio
23 error Or if that isn't available, you can get their info via:
23 error     npm owner ls radio
23 error There is likely additional logging output above.
24 verbose exit [ 1, true ]
